<?xml version="1.0" encoding="UTF-8"?>
<testsuite name="LightSaberTest" tests="6" skipped="0" failures="0" errors="0" timestamp="2020-08-05T16:10:36" hostname="Scotts-MacBook-Air.local" time="0.053">
  <properties/>
  <testcase name="getTheSerialNumber()" classname="LightSaberTest" time="0.024"/>
  <testcase name="useMinutesFromTheLightSaber()" classname="LightSaberTest" time="0.006"/>
  <testcase name="setTheColor()" classname="LightSaberTest" time="0.001"/>
  <testcase name="getTheRemainingMinutes()" classname="LightSaberTest" time="0.001"/>
  <testcase name="ensureLSCanReCharge()" classname="LightSaberTest" time="0.002"/>
  <testcase name="ensureSetCharge()" classname="LightSaberTest" time="0.003"/>
  <system-out><![CDATA[]]></system-out>
  <system-err><![CDATA[]]></system-err>
</testsuite>
