<?xml version="1.0" encoding="UTF-8"?>
<testsuite name="LightSaberTest" tests="3" skipped="0" failures="0" errors="0" timestamp="2020-08-05T15:59:00" hostname="Scotts-MacBook-Air.local" time="0.028">
  <properties/>
  <testcase name="getTheSerialNumber()" classname="LightSaberTest" time="0.018"/>
  <testcase name="setTheColor()" classname="LightSaberTest" time="0.005"/>
  <testcase name="ensureSetCharge()" classname="LightSaberTest" time="0.001"/>
  <system-out><![CDATA[]]></system-out>
  <system-err><![CDATA[]]></system-err>
</testsuite>
